Performing C SOURCE FILE Test CMAKE_HAVE_LIBC_PTHREAD failed with the following output:
Change Dir: /home/simone/CLionProjects/qtHelloWorld/cmake-build-debug/CMakeFiles/CMakeTmp

Run Build Command(s):/usr/bin/make cmTC_8b445/fast && make[1]: Entering directory '/home/simone/CLionProjects/qtHelloWorld/cmake-build-debug/CMakeFiles/CMakeTmp'
/usr/bin/make -f CMakeFiles/cmTC_8b445.dir/build.make CMakeFiles/cmTC_8b445.dir/build
make[2]: Entering directory '/home/simone/CLionProjects/qtHelloWorld/cmake-build-debug/CMakeFiles/CMakeTmp'
Building C object CMakeFiles/cmTC_8b445.dir/src.c.o
/usr/bin/cc   -DCMAKE_HAVE_LIBC_PTHREAD   -o CMakeFiles/cmTC_8b445.dir/src.c.o   -c /home/simone/CLionProjects/qtHelloWorld/cmake-build-debug/CMakeFiles/CMakeTmp/src.c
Linking C executable cmTC_8b445
/home/simone/Downloads/clion-2020.1.2/bin/cmake/linux/bin/cmake -E cmake_link_script CMakeFiles/cmTC_8b445.dir/link.txt --verbose=1
/usr/bin/cc  -DCMAKE_HAVE_LIBC_PTHREAD    -rdynamic CMakeFiles/cmTC_8b445.dir/src.c.o  -o cmTC_8b445 
CMakeFiles/cmTC_8b445.dir/src.c.o: In function `main':
src.c:(.text+0x3e): undefined reference to `pthread_create'
src.c:(.text+0x4a): undefined reference to `pthread_detach'
src.c:(.text+0x5b): undefined reference to `pthread_join'
src.c:(.text+0x6f): undefined reference to `pthread_atfork'
collect2: error: ld returned 1 exit status
CMakeFiles/cmTC_8b445.dir/build.make:86: recipe for target 'cmTC_8b445' failed
make[2]: *** [cmTC_8b445] Error 1
make[2]: Leaving directory '/home/simone/CLionProjects/qtHelloWorld/cmake-build-debug/CMakeFiles/CMakeTmp'
Makefile:121: recipe for target 'cmTC_8b445/fast' failed
make[1]: *** [cmTC_8b445/fast] Error 2
make[1]: Leaving directory '/home/simone/CLionProjects/qtHelloWorld/cmake-build-debug/CMakeFiles/CMakeTmp'


Source file was:
#include <pthread.h>

void* test_func(void* data)
{
  return data;
}

int main(void)
{
  pthread_t thread;
  pthread_create(&thread, NULL, test_func, NULL);
  pthread_detach(thread);
  pthread_join(thread, NULL);
  pthread_atfork(NULL, NULL, NULL);
  pthread_exit(NULL);

  return 0;
}

Determining if the function pthread_create exists in the pthreads failed with the following output:
Change Dir: /home/simone/CLionProjects/qtHelloWorld/cmake-build-debug/CMakeFiles/CMakeTmp

Run Build Command(s):/usr/bin/make cmTC_a8467/fast && make[1]: Entering directory '/home/simone/CLionProjects/qtHelloWorld/cmake-build-debug/CMakeFiles/CMakeTmp'
/usr/bin/make -f CMakeFiles/cmTC_a8467.dir/build.make CMakeFiles/cmTC_a8467.dir/build
make[2]: Entering directory '/home/simone/CLionProjects/qtHelloWorld/cmake-build-debug/CMakeFiles/CMakeTmp'
Building C object CMakeFiles/cmTC_a8467.dir/CheckFunctionExists.c.o
/usr/bin/cc   -DCHECK_FUNCTION_EXISTS=pthread_create   -o CMakeFiles/cmTC_a8467.dir/CheckFunctionExists.c.o   -c /home/simone/Downloads/clion-2020.1.2/bin/cmake/linux/share/cmake-3.16/Modules/CheckFunctionExists.c
Linking C executable cmTC_a8467
/home/simone/Downloads/clion-2020.1.2/bin/cmake/linux/bin/cmake -E cmake_link_script CMakeFiles/cmTC_a8467.dir/link.txt --verbose=1
/usr/bin/cc  -DCHECK_FUNCTION_EXISTS=pthread_create    -rdynamic CMakeFiles/cmTC_a8467.dir/CheckFunctionExists.c.o  -o cmTC_a8467  -lpthreads 
/usr/bin/x86_64-linux-gnu-ld: cannot find -lpthreads
collect2: error: ld returned 1 exit status
CMakeFiles/cmTC_a8467.dir/build.make:86: recipe for target 'cmTC_a8467' failed
make[2]: *** [cmTC_a8467] Error 1
make[2]: Leaving directory '/home/simone/CLionProjects/qtHelloWorld/cmake-build-debug/CMakeFiles/CMakeTmp'
Makefile:121: recipe for target 'cmTC_a8467/fast' failed
make[1]: *** [cmTC_a8467/fast] Error 2
make[1]: Leaving directory '/home/simone/CLionProjects/qtHelloWorld/cmake-build-debug/CMakeFiles/CMakeTmp'



